2019-11-28 15:48:28 - 
ERROR: CODE NOT FOUND!
FILE: catalog/view/theme/default/template/common/footer.tpl
CODE: <p><?php echo $powered; ?></p>
MOD: CTRL + Enter

ERROR: FILE NOT FOUND!
FILE: /home/y/y98577gq/y98577gq.beget.tech/public_html/catalog/controller/{common,startup}/seo_pro.php
MOD: OCFilter Modification

ERROR: FILE NOT FOUND!
FILE: /home/y/y98577gq/y98577gq.beget.tech/public_html/catalog/controller/{common,startup}/seo_pro.php
MOD: OCFilter Modification

ERROR: CODE NOT FOUND!
FILE: catalog/view/theme/default/template/product/category.tpl
CODE: <button type="button" id="list-view" class="btn btn-default" data-toggle="tooltip" title="<?php echo $button_list; ?>"><i class="fas fa-th-list"></i></button>
MOD: Price View in Product List

ERROR: CODE NOT FOUND!
FILE: catalog/view/theme/default/template/product/special.tpl
CODE: <button type="button" id="list-view" class="btn btn-default" data-toggle="tooltip" title="<?php echo $button_list; ?>"><i class="fas fa-th-list"></i></button>
MOD: Price View in Product List

ERROR: CODE NOT FOUND!
FILE: catalog/view/theme/default/template/product/manufacturer_info.tpl
CODE: <button type="button" id="list-view" class="btn btn-default" data-toggle="tooltip" title="<?php echo $button_list; ?>"><i class="fas fa-th-list"></i></button>
MOD: Price View in Product List

ERROR: FILE NOT FOUND!
FILE: /home/y/y98577gq/y98577gq.beget.tech/public_html/system/library/currency.php
MOD: Replace RUB symbol with character powered by Google "PT Sans"

ERROR: FILE NOT FOUND!
FILE: /home/y/y98577gq/y98577gq.beget.tech/public_html/catalog/language/uk{*}/product/product.php
MOD: Количество просмотров в товаре

ERROR: FILE NOT FOUND!
FILE: /home/y/y98577gq/y98577gq.beget.tech/public_html/admin/controller/common/menu.php
MOD: Удаление модулей

ERROR: FILE NOT FOUND!
FILE: /home/y/y98577gq/y98577gq.beget.tech/public_html/admin/controller/common/menu.php
MOD: Удаление модулей

ERROR: FILE NOT FOUND!
FILE: /home/y/y98577gq/y98577gq.beget.tech/public_html/admin/controller/common/menu.php
MOD: Удаление модулей

ERROR: FILE NOT FOUND!
FILE: /home/y/y98577gq/y98577gq.beget.tech/public_html/admin/view/template/common/menu.tpl
MOD: Удаление модулей
