2020-02-17 12:10:24 - MOD: Modification Default

FILE: system/engine/action.php
REGEX: ~(require|include)(_once)?\(([^)]+)~
LINE: 41

FILE: system/engine/loader.php
REGEX: ~(require|include)(_once)?\(([^)]+)~
LINE: 49
LINE: 108
LINE: 120
LINE: 165

FILE: system/library/config.php
REGEX: ~(require|include)(_once)?\(([^)]+)~
LINE: 23

FILE: system/library/language.php
REGEX: ~(require|include)(_once)?\(([^)]+)~
LINE: 38
LINE: 40
LINE: 49
LINE: 51
LINE: 60
LINE: 62

FILE: system/library/template/php.php
REGEX: ~(require|include)(_once)?\(([^)]+)~
LINE: 18

FILE: system/library/template/tiwg.php
REGEX: ~(require|include)(_once)?\(([^)]+)~
LINE: 24
----------------------------------------------------------------
MOD: Admin Quick Edit PRO

FILE: admin/controller/design/layout.php
CODE: foreach ($extensions as $code)
LINE: 369
CODE: $this->language->get('heading_title')
LINE: 7
LINE: 17
LINE: 49
LINE: 81
LINE: 153
LINE: 181
LINE: 259
LINE: 318
LINE: 385
LINE: 411

FILE: admin/controller/extension/extension/module.php
CODE: function index
LINE: 5

FILE: admin/controller/extension/module/admin_quick_edit.php
CODE: <?php
LINE: 1

FILE: admin/controller/marketing/coupon.php
CODE: public function index() {
LINE: 9
CODE: public function delete() {
LINE: 88
CODE: ControllerMarketingCoupon extends Controller
LINE: 26
CODE: $url .= '&sort=' . $this->request->get['sort'];
LINE: 68
LINE: 109
LINE: 157
LINE: 205
LINE: 326
LINE: 449

FILE: admin/controller/marketing/affiliate.php
CODE: public function index() {
LINE: 9
CODE: public function delete() {
LINE: 128
CODE: public function autocomplete() {
LINE: 1228
CODE: ControllerMarketingAffiliate extends Controller
LINE: 26
CODE: $url .= '&sort=' . $this->request->get['sort'];
LINE: 88
LINE: 149
LINE: 217
LINE: 278
LINE: 339
LINE: 437
LINE: 632
LINE: 856

FILE: admin/controller/marketing/marketing.php
CODE: public function index() {
LINE: 9
CODE: public function delete() {
LINE: 112
CODE: ControllerMarketingMarketing extends Controller
LINE: 10
CODE: $url .= '&sort=' . $this->request->get['sort'];
LINE: 64
LINE: 117
LINE: 177
LINE: 255
LINE: 268
LINE: 418
LINE: 507

FILE: admin/controller/sale/voucher_theme.php
CODE: public function index() {
LINE: 9
CODE: public function delete() {
LINE: 88
CODE: ControllerSaleVoucherTheme extends Controller
LINE: 18
CODE: $url .= '&sort=' . $this->request->get['sort'];
LINE: 60
LINE: 101
LINE: 149
LINE: 197
LINE: 303
LINE: 371

FILE: admin/controller/sale/voucher.php
CODE: public function index() {
LINE: 9
CODE: public function delete() {
LINE: 88
CODE: public function send() {
LINE: 607
CODE: ControllerSaleVoucher extends Controller
LINE: 10
CODE: $url .= '&sort=' . $this->request->get['sort'];
LINE: 52
LINE: 93
LINE: 141
LINE: 189
LINE: 324
LINE: 437

FILE: admin/controller/sale/return.php
CODE: public function index() {
LINE: 9
CODE: public function delete() {
LINE: 152
CODE: ControllerSaleReturn extends Controller
LINE: 34
CODE: $url .= '&sort=' . $this->request->get['sort'];
LINE: 108
LINE: 181
LINE: 261
LINE: 389
LINE: 604
LINE: 782

FILE: admin/controller/sale/order.php
CODE: function getList() {
LINE: 127
CODE: ControllerSaleOrder extends Controller
LINE: 190

FILE: admin/view/template/sale/order_list.tpl
CODE: <div class="panel panel-default">
LINE: 37
CODE: <button type="submit" id="button-shipping"
LINE: 8
REGEX: ~<td class="text-left"><\?php echo \$order\['(.*)status'\]; \?></td>~
LINE: 154
CODE: <?php echo $footer; ?>
LINE: 296

FILE: admin/controller/customer/customer.php
CODE: public function index() {
LINE: 9
CODE: public function delete() {
LINE: 144
CODE: ControllerCustomerCustomer extends Controller
LINE: 26
CODE: $url .= '&sort=' . $this->request->get['sort'];
LINE: 96
LINE: 165
LINE: 241
LINE: 318
LINE: 387
LINE: 505
LINE: 725
LINE: 928

FILE: admin/controller/catalog/information.php
CODE: public function index() {
LINE: 9
CODE: public function delete() {
LINE: 88
CODE: ControllerCatalogInformation extends Controller
LINE: 26
CODE: $url .= '&sort=' . $this->request->get['sort'];
LINE: 68
LINE: 109
LINE: 157
LINE: 205
LINE: 314
LINE: 413

FILE: admin/controller/catalog/review.php
CODE: public function index() {
LINE: 9
CODE: public function delete() {
LINE: 120
CODE: ControllerCatalogReview extends Controller
LINE: 26
CODE: $url .= '&sort=' . $this->request->get['sort'];
LINE: 84
LINE: 141
LINE: 205
LINE: 293
LINE: 458
LINE: 567

FILE: admin/controller/catalog/download.php
CODE: public function index() {
LINE: 9
CODE: public function delete() {
LINE: 88
CODE: public function autocomplete() {
LINE: 523
CODE: ControllerCatalogDownload extends Controller
LINE: 18
CODE: $url .= '&sort=' . $this->request->get['sort'];
LINE: 60
LINE: 101
LINE: 149
LINE: 197
LINE: 306
LINE: 386

FILE: admin/controller/catalog/manufacturer.php
CODE: public function index() {
LINE: 9
CODE: public function delete() {
LINE: 88
CODE: public function autocomplete() {
LINE: 463
CODE: ControllerCatalogManufacturer extends Controller
LINE: 18
CODE: $url .= '&sort=' . $this->request->get['sort'];
LINE: 60
LINE: 101
LINE: 149
LINE: 197
LINE: 306
LINE: 385

FILE: admin/controller/catalog/option.php
CODE: public function index() {
LINE: 9
CODE: public function delete() {
LINE: 88
CODE: ControllerCatalogOption extends Controller
LINE: 34
CODE: $url .= '&sort=' . $this->request->get['sort'];
LINE: 76
LINE: 117
LINE: 165
LINE: 213
LINE: 322
LINE: 406

FILE: admin/controller/catalog/attribute_group.php
CODE: public function index() {
LINE: 9
CODE: public function delete() {
LINE: 88
CODE: ControllerCatalogAttributeGroup extends Controller
LINE: 26
CODE: $url .= '&sort=' . $this->request->get['sort'];
LINE: 68
LINE: 109
LINE: 157
LINE: 205
LINE: 314
LINE: 376

FILE: admin/controller/catalog/attribute.php
CODE: public function index() {
LINE: 9
CODE: public function delete() {
LINE: 88
CODE: public function autocomplete() {
LINE: 422
CODE: ControllerCatalogAttribute extends Controller
LINE: 18
CODE: $url .= '&sort=' . $this->request->get['sort'];
LINE: 60
LINE: 101
LINE: 149
LINE: 197
LINE: 309
LINE: 378

FILE: admin/controller/catalog/filter.php
CODE: public function index() {
LINE: 9
CODE: public function delete() {
LINE: 88
CODE: ControllerCatalogFilter extends Controller
LINE: 34
CODE: $url .= '&sort=' . $this->request->get['sort'];
LINE: 76
LINE: 117
LINE: 165
LINE: 213
LINE: 322
LINE: 393

FILE: admin/controller/catalog/recurring.php
CODE: public function index() {
LINE: 9
CODE: public function delete() {
LINE: 88
CODE: public function copy() {
LINE: 127
CODE: ControllerCatalogRecurring extends Controller
LINE: 18
CODE: $url .= '&sort=' . $this->request->get['sort'];
LINE: 60
LINE: 101
LINE: 149
LINE: 197
LINE: 245
LINE: 356
LINE: 433

FILE: admin/controller/catalog/category.php
CODE: public function index() {
LINE: 9
CODE: public function delete() {
LINE: 88
CODE: public function autocomplete() {
LINE: 624
CODE: ControllerCatalogCategory extends Controller
LINE: 42
CODE: $url .= '&sort=' . $this->request->get['sort'];
LINE: 84
LINE: 125
LINE: 173
LINE: 214
LINE: 262
LINE: 374
LINE: 480

FILE: admin/controller/catalog/product.php
CODE: public function index() {
LINE: 9
CODE: public function delete() {
LINE: 128
CODE: public function copy() {
LINE: 187
CODE: public function autocomplete() {
LINE: 1399
CODE: ControllerCatalogProduct extends Controller
LINE: 42
CODE: $url .= '&filter_name=' . urlencode(html_entity_decode($this->request->get['filter_name'], ENT_QUOTES, 'UTF-8'));
LINE: 87
LINE: 151
LINE: 222
LINE: 293
LINE: 400
LINE: 570
LINE: 625
LINE: 842
REGEX: ~\$url \.= '&(.*?)=' \. \$this->request->get\['(.*?)'\];~
LINE: 96
LINE: 100
LINE: 104
LINE: 108
LINE: 112
LINE: 116
LINE: 160
LINE: 164
LINE: 168
LINE: 172
LINE: 176
LINE: 180
LINE: 231
LINE: 235
LINE: 239
LINE: 243
LINE: 247
LINE: 251
LINE: 302
LINE: 306
LINE: 310
LINE: 314
LINE: 318
LINE: 322
LINE: 409
LINE: 413
LINE: 417
LINE: 421
LINE: 425
LINE: 429
LINE: 433
LINE: 579
LINE: 583
LINE: 587
LINE: 591
LINE: 601
LINE: 634
LINE: 638
LINE: 642
LINE: 646
LINE: 650
LINE: 654
LINE: 851
LINE: 855
LINE: 859
LINE: 863
LINE: 867
LINE: 871

FILE: admin/view/template/catalog/product_list.tpl
REGEX: ~if \((.*?) != '\*'\) \{~
LINE: 206
LINE: 212
REGEX: ~url = 'index\.php\?route=(.*?)&token=<\?php echo \$token; \?>';~
LINE: 178

FILE: admin/view/template/catalog/attribute_group_list.tpl
CODE: <input type="checkbox" onclick="$('input[name*=\'selected\']').prop('checked', this.checked);" />
LINE: 36

FILE: admin/view/template/catalog/attribute_list.tpl
CODE: <input type="checkbox" onclick="$('input[name*=\'selected\']').prop('checked', this.checked);" />
LINE: 36

FILE: admin/view/template/catalog/category_list.tpl
CODE: <input type="checkbox" onclick="$('input[name*=\'selected\']').prop('checked', this.checked);" />
LINE: 36

FILE: admin/view/template/catalog/download_list.tpl
CODE: <input type="checkbox" onclick="$('input[name*=\'selected\']').prop('checked', this.checked);" />
LINE: 36

FILE: admin/view/template/catalog/filter_list.tpl
CODE: <input type="checkbox" onclick="$('input[name*=\'selected\']').prop('checked', this.checked);" />
LINE: 36

FILE: admin/view/template/catalog/information_list.tpl
CODE: <input type="checkbox" onclick="$('input[name*=\'selected\']').prop('checked', this.checked);" />
LINE: 36

FILE: admin/view/template/catalog/manufacturer_list.tpl
CODE: <input type="checkbox" onclick="$('input[name*=\'selected\']').prop('checked', this.checked);" />
LINE: 36

FILE: admin/view/template/catalog/ocfilter_list.tpl
CODE: <input type="checkbox" onclick="$('input[name*=\'selected\']').prop('checked', this.checked);" />
LINE: 89

FILE: admin/view/template/catalog/ocfilter_page_list.tpl
CODE: <input type="checkbox" onclick="$('input[name*=\'selected\']').prop('checked', this.checked);" />
LINE: 34

FILE: admin/view/template/catalog/option_list.tpl
CODE: <input type="checkbox" onclick="$('input[name*=\'selected\']').prop('checked', this.checked);" />
LINE: 36
CODE: <input type="checkbox" onclick="$('input[name*=\'selected\']').prop('checked', this.checked);" />
LINE: 96

FILE: admin/view/template/catalog/recurring_list.tpl
CODE: <input type="checkbox" onclick="$('input[name*=\'selected\']').prop('checked', this.checked);" />
LINE: 37

FILE: admin/view/template/catalog/review_list.tpl
CODE: <input type="checkbox" onclick="$('input[name*=\'selected\']').prop('checked', this.checked);" />
LINE: 77
CODE: <input type="checkbox" onclick="$('input[name*=\'selected\']').prop('checked', this.checked);" />
LINE: 107

FILE: admin/view/template/sale/recurring_list.tpl
CODE: <input type="checkbox" onclick="$('input[name*=\'selected\']').prop('checked', this.checked);" />
NOT FOUND - OPERATION SKIPPED!

FILE: admin/view/template/sale/return_list.tpl
CODE: <input type="checkbox" onclick="$('input[name*=\'selected\']').prop('checked', this.checked);" />
LINE: 98

FILE: admin/view/template/sale/voucher_list.tpl
CODE: <input type="checkbox" onclick="$('input[name*=\'selected\']').prop('checked', this.checked);" />
LINE: 38

FILE: admin/view/template/sale/voucher_theme_list.tpl
CODE: <input type="checkbox" onclick="$('input[name*=\'selected\']').prop('checked', this.checked);" />
LINE: 36

FILE: admin/view/template/customer/custom_field_list.tpl
CODE: <input type="checkbox" onclick="$('input[name*=\'selected\']').prop('checked', this.checked);" />
LINE: 36

FILE: admin/view/template/customer/customer_group_list.tpl
CODE: <input type="checkbox" onclick="$('input[name*=\'selected\']').prop('checked', this.checked);" />
LINE: 36

FILE: admin/view/template/customer/customer_list.tpl
CODE: <input type="checkbox" onclick="$('input[name*=\'selected\']').prop('checked', this.checked);" />
LINE: 114

FILE: admin/controller/common/filemanager.php
CODE: public function index
LINE: 20

FILE: system/library/db/mysql.php
CODE: SET SQL_MODE = ''
LINE: 25

FILE: system/library/db/mysqli.php
CODE: SET SQL_MODE = ''
LINE: 20
----------------------------------------------------------------
MOD: MEGAMENU PRO

FILE: catalog/view/theme/default/template/common/header.tpl
CODE: <?php if ($categories) { ?>
LINE: 254

FILE: catalog/view/theme/default/template/common/home.tpl
CODE: <div id="content" class="<?php echo $class; ?>"><?php echo $content_top; ?><?php echo $content_bottom; ?></div>
LINE: 11
CODE: <div id="content" class="<?php echo $class; ?>"><?php echo $content_top; ?><?php echo $content_bottom; ?></div>
LINE: 12
CODE: <?php echo $content_top; ?>
LINE: 11
CODE: <?php echo $column_left; ?>
LINE: 2

FILE: catalog/controller/common/home.php
CODE: $data['column_left'] = $this->load->controller('common/column_left');
LINE: 15

FILE: catalog/controller/common/header.php
CODE: $data['language'] = $this->load->controller('common/language');
LINE: 135
----------------------------------------------------------------
MOD: Tweak for OpenCart 2x Russkaya sborka

FILE: admin/view/template/common/header.tpl
CODE: <?php foreach ($links as $link) { ?>
LINE: 34
CODE: <li><a href="http://www.opencart.com" target="_blank"><?php echo $text_homepage; ?></a></li>
LINE: 82
CODE: <li><a href="http://docs.opencart.com" target="_blank"><?php echo $text_documentation; ?></a></li>
LINE: 85
CODE: <li><a href="http://forum.opencart.com" target="_blank"><?php echo $text_support; ?></a></li>
LINE: 88

FILE: admin/view/template/catalog/product_form.tpl
CODE: <label class="col-sm-2 control-label" for="input-sku"><span data-toggle="tooltip" title="<?php echo $help_sku; ?>"><?php echo $entry_sku; ?></span></label>
LINE: 109
CODE: <label class="col-sm-2 control-label" for="input-sku">
LINE: 115
CODE: <label class="col-sm-2 control-label" for="input-location"><?php echo $entry_location; ?></label>
LINE: 155
CODE: <input type="text" name="model" value="<?php echo $model; ?>" placeholder="<?php echo $entry_model; ?>" id="input-model" class="form-control" />
LINE: 101

FILE: admin/view/template/tool/backup.tpl
CODE: <input type="file" name="import" id="input-import" />
LINE: 36
CODE: $this->load->language('common/filemanager');
LINE: 31
CODE: // Parent
LINE: 166
CODE: $pagination = new Pagination();
LINE: 227
CODE: $directory = rtrim(DIR_IMAGE . 'catalog/' . str_replace('*', '', $this->request->get['directory']), '/');
LINE: 51
CODE: public function index() {
LINE: 28
CODE: $filename = basename(html_entity_decode($file['name'], ENT_QUOTES, 'UTF-8'));
LINE: 290
CODE: $folder = basename(html_entity_decode($this->request->post['folder'], ENT_QUOTES, 'UTF-8'));
LINE: 370
CODE: $filter_name = rtrim(str_replace('*', '', $this->request->get['filter_name']), '/');
LINE: 49
CODE: if (substr(str_replace('\\', '/', realpath($directory . '/' . $filter_name)), 0, strlen(DIR_IMAGE . 'catalog')) == DIR_IMAGE . 'catalog') {
LINE: 79

FILE: admin/view/template/common/filemanager.tpl
CODE: <?php foreach (array_chunk($images, 4) as $image) { ?>
LINE: 34

FILE: catalog/controller/tool/upload.php
CODE: public function index() {
LINE: 10
CODE: $filename = basename(preg_replace('/[^a-zA-Z0-9\.\-\s+]/', '', html_entity_decode($this->request->files['file']['name'], ENT_QUOTES, 'UTF-8')));
LINE: 17
CODE: <script type="text/javascript" src="view/javascript/summernote/summernote.js"></script>
LINE: 939

FILE: admin/view/template/catalog/information_form.tpl
CODE: <script type="text/javascript" src="view/javascript/summernote/summernote.js"></script>
LINE: 209

FILE: admin/view/template/catalog/category_form.tpl
CODE: <script type="text/javascript" src="view/javascript/summernote/summernote.js"></script>
LINE: 241

FILE: admin/view/template/extension/module/html.tpl
CODE: <script type="text/javascript" src="view/javascript/summernote/summernote.js"></script>
LINE: 80

FILE: admin/view/template/marketing/contact.tpl
CODE: <script type="text/javascript" src="view/javascript/summernote/summernote.js"></script>
LINE: 95

FILE: admin/view/template/extension/extension.tpl
CODE: <?php echo $header; ?><?php echo $column_left; ?>
LINE: 1

FILE: admin/controller/common/column_left.php
CODE: $data['lastname'] = $user_info['lastname'];
LINE: 17
CODE: $data['lastname'] = '';
LINE: 31

FILE: system/library/pagination.php
CODE: $output .= '<li><a href="' . str_replace(array('&amp;page={page}', '&page={page}'), '', $this->url) . '">' . $this->text_first . '</a></li>';
LINE: 35
CODE: $output .= '<li><a href="' . str_replace(array('&amp;page={page}', '&page={page}'), '', $this->url) . '">' . $this->text_prev . '</a></li>';
LINE: 40
CODE: $output .= '<li><a href="' . str_replace(array('&amp;page={page}', '&page={page}'), '', $this->url) . '">' . $i . '</a></li>';
LINE: 72

FILE: catalog/controller/startup/startup.php
CODE: $this->registry->set('openbay', new Openbay($this->registry));
LINE: 196

FILE: catalog/controller/information/contact.php
CODE: $mail->setFrom($this->request->post['email']);
LINE: 20
----------------------------------------------------------------
MOD: <font color="#0000"><b>OCEXT Smart Relevant Search</font>
CODE: public function index() {
LINE: 10

FILE: catalog/model/catalog/product.php
CODE: if (!empty($data['filter_name']) || !empty($data['filter_tag'])) {
LINE: 120
LINE: 498
CODE: public function getProductSpecials($data = array()) {
LINE: 241
CODE: $product_data[$result['product_id']] = $this->getProduct($result['product_id']);
LINE: 245
LINE: 329
LINE: 364
LINE: 402
LINE: 442
----------------------------------------------------------------
MOD: Cache Cleaner

FILE: admin/controller/common/header.php
CODE: $data['logged'] = true;
LINE: 74
CODE: <ul class="nav pull-right">
LINE: 108
CODE: <ul class="nav pull-right">
LINE: 126
----------------------------------------------------------------
MOD: CodeManager by iSenseLabs
CODE: if ($this->user->hasPermission('access', 'tool/log')) {
LINE: 643
----------------------------------------------------------------
MOD: Cookie consent in OpenCart - bottom

FILE: catalog/view/theme/default/template/common/footer.tpl
CODE: </body>
LINE: 199
----------------------------------------------------------------
MOD: CTRL + Enter
CODE: </head>
LINE: 72
CODE: </body>
LINE: 238
CODE: <p><?php echo $powered; ?></p>
NOT FOUND - OPERATIONS ABORTED!

FILE: catalog/controller/common/footer.php
CODE: $this->load->model('catalog/information');
LINE: 35
----------------------------------------------------------------
MOD: Exchange1C Module for OpenCart 2.3
CODE: if ($this->user->hasPermission('access', 'extension/event')) {
LINE: 204

FILE: admin/model/sale/order.php
CODE: 'lastname'                => $order_query->row['lastname'],
LINE: 105
CODE: $data['lastname'] = $order_info['lastname'];
LINE: 767
LINE: 1151

FILE: admin/view/template/sale/order_info.tpl
CODE: <?php echo $firstname; ?> <?php echo $lastname; ?>
LINE: 53
LINE: 55
----------------------------------------------------------------
MOD: Fix Installer FTP Error
----------------------------------------------------------------
MOD: iScroller

FILE: catalog/controller/product/category.php
CODE: $product_total =
LINE: 203

FILE: catalog/controller/product/manufacturer.php
CODE: $product_total =
LINE: 180

FILE: catalog/controller/product/search.php
CODE: $product_total =
LINE: 220

FILE: catalog/controller/product/special.php
CODE: $product_total =
LINE: 102
----------------------------------------------------------------
MOD: Local copy OCMOD by iSenseLabs

FILE: admin/controller/extension/installer.php
CODE: 'url'  => str_replace('&amp;', '&', $this->url->link('extension/installer/ftp', 'token=' . $this->session->data['token'],
LINE: 131
CODE: public function unzip() {
LINE: 278
----------------------------------------------------------------
MOD: OCFilter Modification
CODE: function getForm() {
LINE: 689
CODE: $this->language->get('tab_general');
LINE: 797
CODE: if ($this->user->hasPermission('access', 'catalog/filter')) {
LINE: 104

FILE: admin/language/en-gb/catalog/product.php
CODE: $_['text_success']
LINE: 12

FILE: admin/language/ru-ru/catalog/product.php
CODE: $_['text_success']
LINE: 12

FILE: admin/language/en-gb/common/column_left.php
CODE: $_['text_option']
LINE: 43

FILE: admin/language/ru-ru/common/column_left.php
CODE: $_['text_option']
LINE: 43

FILE: admin/model/catalog/product.php
CODE: if (isset($data['product_recurring'])) {
LINE: 130
CODE: if (isset($data['product_recurring'])) {
LINE: 299
CODE: $data['product_attribute'] = $this->getProductAttributes($product_id);
LINE: 327
CODE: $this->db->query("DELETE FROM " . DB_PREFIX . "product WHERE product_id = '" . (int)$product_id . "'");
LINE: 352
CODE: <?php echo $footer; ?>
LINE: 1450

FILE: catalog/controller/startup/maintenance.php
CODE: index() {
LINE: 7

FILE: catalog/controller/startup/seo_url.php
CODE: $this->url->addRewrite($this);
LINE: 12
CODE: $sql .= " LEFT JOIN " . DB_PREFIX . "product_description
LINE: 92
LINE: 607
CODE: if (!empty($data['filter_manufacturer_id
LINE: 194
LINE: 716
CODE: $data['breadcrumbs'] = array();
LINE: 50
CODE: $product_total =
LINE: 217
CODE: if (isset($this->request->get['filter'])) {
LINE: 288
CODE: if (isset($this->request->get['filter'])) {
LINE: 363
CODE: if (isset($this->request->get['filter'])) {
LINE: 398
CODE: $data['limit'] = $limit;
LINE: 536

FILE: system/library/document.php
CODE: public function getLinks
LINE: 51
CODE: private $keywords;
LINE: 9
CODE: public function setTitle($title) {
LINE: 25
CODE: $data['scripts'] = $this->document->getScripts();
LINE: 46
CODE: </title>
LINE: 18
----------------------------------------------------------------
MOD: OCMOD Editor for OpenCart 2.2 and 2.3

FILE: admin/controller/extension/modification.php
CODE: $data['refresh'] = $this->url->link('extension/modification/refresh', 'token=' . $this->session->data['token'] . $url, true);
LINE: 660
CODE: $data['modifications'][] = array(
LINE: 682
CODE: $data['tab_log'] = $this->language->get('tab_log');
LINE: 727
CODE: $this->response->redirect($this->url->link('extension/modification', 'token=' . $this->session->data['token'] . $url, true));
LINE: 510

FILE: admin/view/template/extension/modification.tpl
CODE: <div class="pull-right">
LINE: 5
CODE: <?php if (!$modification['enabled']) { ?>
LINE: 98
----------------------------------------------------------------
MOD: Opencart - Быстрый заказ for OpenCart 2.0.x, 2.1.x
CODE: $data['telephone'] = $this->config->get('config_telephone');
LINE: 114
CODE: </head>
LINE: 106
CODE: $this->load->language('common/footer');
LINE: 52
CODE: </body></html>
LINE: 364

FILE: catalog/controller/product/product.php
CODE: $data['header'] = $this->load->controller('common/header');
LINE: 486
LINE: 573

FILE: catalog/view/theme/default/template/product/product.tpl
CODE: <button type="button" id="button-cart" data-loading-text="<?php echo $text_loading; ?>" class="btn btn-primary btn-lg btn-block"><?php echo $button_cart; ?></button>
LINE: 308
REGEX: /<div class="button-group">(.*?)<\/div>/is
LINE: 379
CODE: $data['header'] = $this->load->controller('common/header');
LINE: 556
LINE: 619
CODE: $data['header'] = $this->load->controller('common/header');
LINE: 69
LINE: 387
LINE: 441
CODE: $data['header'] = $this->load->controller('common/header');
LINE: 512
CODE: $data['header'] = $this->load->controller('common/header');
LINE: 298

FILE: catalog/view/theme/default/template/product/category.tpl
REGEX: /<div class="button-group">(.*?)<\/div>/is
LINE: 186

FILE: catalog/view/theme/default/template/product/manufacturer_info.tpl
REGEX: /<div class="button-group">(.*?)<\/div>/is
LINE: 93

FILE: catalog/view/theme/default/template/product/search.tpl
REGEX: /<div class="button-group">(.*?)<\/div>/is
LINE: 177

FILE: catalog/view/theme/default/template/product/special.tpl
REGEX: /<div class="button-group">(.*?)<\/div>/is
LINE: 94

FILE: catalog/controller/extension/module/bestseller.php
CODE: $data['products'] = array();
LINE: 28

FILE: catalog/controller/extension/module/featured.php
CODE: $data['products'] = array();
LINE: 28

FILE: catalog/controller/extension/module/latest.php
CODE: $data['products'] = array();
LINE: 28

FILE: catalog/controller/extension/module/special.php
CODE: $data['products'] = array();
LINE: 28

FILE: catalog/view/theme/default/template/extension/module/bestseller.tpl
REGEX: /<div class="button-group">(.*?)<\/div>/is
LINE: 51

FILE: catalog/view/theme/default/template/extension/module/featured.tpl
REGEX: /<div class="button-group">(.*?)<\/div>/is
LINE: 65

FILE: catalog/view/theme/default/template/extension/module/latest.tpl
REGEX: /<div class="button-group">(.*?)<\/div>/is
LINE: 50

FILE: catalog/view/theme/default/template/extension/module/special.tpl
REGEX: /<div class="button-group">(.*?)<\/div>/is
LINE: 50
----------------------------------------------------------------
MOD: Price View in Product List
CODE: $data['button_grid'] = $this->language->get('button_grid');
LINE: 127
CODE: public function index() {
LINE: 6
CODE: $data['button_grid'] = $this->language->get('button_grid');
LINE: 85
CODE: public function index() {
LINE: 6
CODE: $data['button_grid'] = $this->language->get('button_grid');
LINE: 174
CODE: public function index() {
LINE: 6
CODE: $data['button_grid'] = $this->language->get('button_grid');
LINE: 160
CODE: public function index() {
LINE: 9
CODE: <button type="button" id="list-view" class="btn btn-default" data-toggle="tooltip" title="<?php echo $button_list; ?>"><i class="fas fa-th-list"></i></button>
NOT FOUND - OPERATIONS ABORTED!
CODE: <button type="button" id="list-view" class="btn btn-default" data-toggle="tooltip" title="<?php echo $button_list; ?>"><i class="fas fa-th-list"></i></button>
NOT FOUND - OPERATIONS ABORTED!
CODE: <button type="button" id="list-view" class="btn btn-default" data-toggle="tooltip" title="<?php echo $button_list; ?>"><i class="fas fa-th-list"></i></button>
NOT FOUND - OPERATIONS ABORTED!
CODE: <button type="button" id="list-view" class="btn btn-default" data-toggle="tooltip" title="<?php echo $button_list; ?>"><i class="fas fa-th-list"></i></button>
LINE: 73
CODE: <button type="button" id="grid-view" class="btn btn-default" data-toggle="tooltip" title="<?php echo $button_grid; ?>"><i class="fas fa-th"></i></button>
LINE: 76
----------------------------------------------------------------
MOD: Product PlusMinus
CODE: <input type="text" name="quantity" value="<?php echo $minimum; ?>" size="2" id="input-quantity" class="form-control" />
LINE: 299
CODE: <?php echo $footer; ?>
LINE: 633
----------------------------------------------------------------
MOD: Replace RUB symbol with character powered by Google "PT Sans"

FILE: system/library/cart/currency.php
CODE: $query = $this->db->query("SELECT * FROM " . DB_PREFIX . "currency");
LINE: 9

FILE: catalog/model/localisation/currency.php
CODE: $query = $this->db->query("SELECT * FROM " . DB_PREFIX . "currency ORDER BY title ASC");
LINE: 14
CODE: public function index() {
LINE: 6

FILE: catalog/view/theme/default/template/account/voucher.tpl
CODE: <?php echo $help_amount; ?>
LINE: 88
CODE: alt="<?php echo $option_value['name'] . ($option_value['price'] ? ' ' . $option_value['price_prefix'] . $option_value['price'] : ''); ?>"
LINE: 200
LINE: 221
----------------------------------------------------------------
MOD: Stickers
CODE: </head>
LINE: 149
CODE: <ul class="thumbnails">
LINE: 31
CODE: $data['model'] = $product_info['model'];
LINE: 273
CODE: <div class="product-thumb transition">
LINE: 371
CODE: $data['products'][] = array(
LINE: 449
CODE: <div class="product-thumb">
LINE: 106
CODE: $data['products'][] = array(
LINE: 266
CODE: <div class="product-thumb">
LINE: 126
CODE: $data['products'][] = array(
LINE: 267
CODE: <div class="product-thumb">
LINE: 69
CODE: $data['products'][] = array(
LINE: 149
CODE: <div class="product-thumb">
LINE: 69
CODE: $data['products'][] = array(
LINE: 238
CODE: <div class="product-thumb transition">
LINE: 11
CODE: $data['products'][] = array(
LINE: 76
CODE: <div class="product-thumb transition">
LINE: 11
CODE: $data['products'][] = array(
LINE: 79
CODE: <div class="product-thumb transition">
LINE: 11
CODE: $data['products'][] = array(
LINE: 69
CODE: <div class="product-thumb transition">
LINE: 11
CODE: $data['products'][] = array(
LINE: 76
CODE: placeholder="<?php echo $entry_jan; ?>"
LINE: 138
CODE: placeholder="<?php echo $entry_isbn; ?>"
LINE: 146
CODE: placeholder="<?php echo $entry_mpn; ?>"
LINE: 154
CODE: 'JAN'
LINE: 44
CODE: 'ISBN'
LINE: 47
CODE: 'MPN'
LINE: 50
----------------------------------------------------------------
MOD: Xtensions-Best Checkout and Customer FrameWork

FILE: admin/controller/customer/custom_field.php
CODE: 'sort_order'      => $result['sort_order'],
LINE: 218
CODE: $data['button_edit'] = $this->language->get('button_edit');
LINE: 242

FILE: admin/language/en-gb/customer/custom_field.php
CODE: <?php
LINE: 4

FILE: admin/language/ru-ru/customer/custom_field.php
CODE: <?php
LINE: 4
CODE: <td class="text-right"><a href="<?php echo $custom_field['edit']; ?>" data-toggle="tooltip" title="<?php echo $button_edit; ?>" class="btn btn-primary"><i class="fa fa-pencil"></i></a></td>
LINE: 73
CODE: <div class="pull-right"><a href="<?php echo $add; ?>" data-toggle="tooltip" title="<?php echo $button_add; ?>" class="btn btn-primary"><i class="fa fa-plus"></i></a>
LINE: 4

FILE: admin/view/template/sale/order_invoice.tpl
CODE: <?php echo $order['payment_address']; ?>
LINE: 64

FILE: admin/view/template/sale/order_shipping.tpl
CODE: <?php echo $order['telephone']; ?>
LINE: 62
CODE: $data['products'] = array();
LINE: 1257
CODE: $product_data = array();
LINE: 1978
LINE: 2204
CODE: 'order_id'	       => $order_id,
LINE: 2044
LINE: 2275

FILE: admin/controller/startup/startup.php
CODE: $this->registry->set('cart', new Cart\Cart($this->registry));
LINE: 59
CODE: $this->registry->set('cart', new Cart\Cart($this->registry));
LINE: 188

FILE: catalog/model/account/customer.php
CODE: $address_id = $this->db->getLastId();
LINE: 25

FILE: catalog/controller/account/address.php
CODE: public function add() {
LINE: 26
CODE: public function edit() {
LINE: 72
CODE: $data['add'] = $this->url->link('account/address/add', '', true);
LINE: 268

FILE: catalog/controller/checkout/checkout.php
CODE: $this->response->setOutput($this->load->view('checkout/checkout', $data));
LINE: 95
CODE: $this->document->addScript('catalog/view/javascript/jquery/datetimepicker/moment.js');
LINE: 29
CODE: $this->document->addScript('catalog/view/javascript/jquery/datetimepicker/bootstrap-datetimepicker.min.js');
LINE: 36
CODE: $this->document->addStyle('catalog/view/javascript/jquery/datetimepicker/bootstrap-datetimepicker.min.css');
LINE: 43

FILE: catalog/controller/checkout/confirm.php
CODE: $this->response->setOutput($this->load->view('checkout/confirm', $data));
LINE: 427
CODE: $this->session->data['order_id'] = $this->model_checkout_order->addOrder($order_data);
LINE: 327

FILE: catalog/model/checkout/order.php
CODE: 'order_id'                => $order_query->row['order_id'],
LINE: 173
CODE: $data['ip'] = $order_info['ip'];
LINE: 455
CODE: $data['products'] = array();
LINE: 544

FILE: catalog/view/theme/default/template/mail/order.tpl
CODE: <b><?php echo $text_ip; ?></b> <?php echo $ip; ?><br />
LINE: 40

FILE: catalog/controller/account/order.php
CODE: $data['shipping_method'] = $order_info['shipping_method'];
LINE: 283

FILE: catalog/controller/account/edit.php
CODE: public function index() {
LINE: 10

FILE: catalog/controller/account/register.php
CODE: public function index() {
LINE: 10
----------------------------------------------------------------
MOD: Иконки в личном кабинете

FILE: catalog/view/theme/default/template/account/account.tpl
CODE: <li><a href="<?php echo $edit; ?>"><?php echo $text_edit; ?></a></li>
LINE: 21
CODE: <li><a href="<?php echo $password; ?>"><?php echo $text_password; ?></a></li>
LINE: 26
CODE: <li><a href="<?php echo $address; ?>"><?php echo $text_address; ?></a></li>
LINE: 30
CODE: <li><a href="<?php echo $wishlist; ?>"><?php echo $text_wishlist; ?></a></li>
LINE: 34
CODE: <li><a href="<?php echo $order; ?>"><?php echo $text_order; ?></a></li>
LINE: 53
CODE: <li><a href="<?php echo $download; ?>"><?php echo $text_download; ?></a></li>
LINE: 57
CODE: <li><a href="<?php echo $reward; ?>"><?php echo $text_reward; ?></a></li>
LINE: 62
CODE: <li><a href="<?php echo $return; ?>"><?php echo $text_return; ?></a></li>
LINE: 67
CODE: <li><a href="<?php echo $transaction; ?>"><?php echo $text_transaction; ?></a></li>
LINE: 71
CODE: <li><a href="<?php echo $recurring; ?>"><?php echo $text_recurring; ?></a></li>
LINE: 75
CODE: <li><a href="<?php echo $newsletter; ?>"><?php echo $text_newsletter; ?></a></li>
LINE: 82

FILE: catalog/view/theme/default/template/affiliate/account.tpl
CODE: <li><a href="<?php echo $edit; ?>"><?php echo $text_edit; ?></a></li>
LINE: 21
CODE: <li><a href="<?php echo $password; ?>"><?php echo $text_password; ?></a></li>
LINE: 26
CODE: <li><a href="<?php echo $payment; ?>"><?php echo $text_payment; ?></a></li>
LINE: 30
CODE: <li><a href="<?php echo $tracking; ?>"><?php echo $text_tracking; ?></a></li>
LINE: 37
CODE: <li><a href="<?php echo $transaction; ?>"><?php echo $text_transaction; ?></a></li>
LINE: 44
----------------------------------------------------------------
MOD: Количество просмотров в товаре
CODE: $data['images'] = array();
LINE: 303
CODE: $data['text_select']
LINE: 231

FILE: catalog/language/en-gb/product/product.php
CODE: $_['text_search']
LINE: 5

FILE: catalog/language/ru-ru/product/product.php
CODE: $_['text_search']
LINE: 5
CODE: <?php if ($review_status) { ?>
LINE: 332
----------------------------------------------------------------
MOD: Корзина Popup
CODE: public function index() {
LINE: 7
CODE: public function index() {
LINE: 7
CODE: </head>
LINE: 163
CODE: </body>
LINE: 490
----------------------------------------------------------------
MOD: Удаление модулей
CODE: $data['header'] = $this->load->controller('common/header');
LINE: 50
CODE: $data['token'] = $this->session->data['token'];
LINE: 42
CODE: move_uploaded_file($this->request->files['file']['tmp_name'], $file);
LINE: 119
LINE: 157
CODE: $zip_name = zip_entry_name($entry);
LINE: 222
CODE: $json['success'] = $this->language->get('text_success');
LINE: 732
CODE: $json['error'] = sprintf($this->language->get('error_exists'), $modification_info['name']);
LINE: 609
CODE: public function unzip() {
LINE: 493
CODE: 'url'  => str_replace('&amp;', '&', $this->url->link('extension/installer/ftp', 'token=' . $this->session->data['token'], 'SSL')),
NOT FOUND - OPERATION SKIPPED!
CODE: 'url'  => str_replace('&amp;', '&', $this->url->link('extension/installer/ftp', 'token=' . $this->session->data['token'], true)),
NOT FOUND - OPERATION SKIPPED!
CODE: 'url'  => str_replace('&amp;', '&', $this->url->link('extension/installer/localcopy', 'token=' . $this->session->data['token'], 'SSL')),
NOT FOUND - OPERATION SKIPPED!
CODE: 'url'  => str_replace('&amp;', '&', $this->url->link('extension/installer/localcopy', 'token=' . $this->session->data['token'], true)),
LINE: 173
CODE: $this->response->redirect
LINE: 52
LINE: 453
LINE: 530
LINE: 569
LINE: 606
LINE: 641

FILE: admin/language/en-gb/extension/installer.php
CODE: <?php
LINE: 8

FILE: admin/language/ru-ru/extension/installer.php
CODE: <?php
LINE: 8
CODE: <?php
LINE: 4
CODE: <?php
LINE: 4
CODE: if ($this->user->hasPermission('access', 'extension/extension')) {
LINE: 219
----------------------------------------------------------------
MOD: Упрощенный фотоменеджер
CODE: foreach ($data['product_image'] as $product_image) {
LINE: 91
LINE: 265
CODE: <li><a href="#tab-data" data-toggle="tab"><?php echo $tab_data; ?></a></li>
LINE: 34
CODE: <div class="tab-pane" id="tab-data">
LINE: 351
CODE: $results = $this->model_catalog_product->getProductImages($this->request->get['product_id']);
LINE: 319
----------------------------------------------------------------
2020-02-18 15:10:37 - MOD: Modification Default

FILE: system/engine/action.php
REGEX: ~(require|include)(_once)?\(([^)]+)~
LINE: 41

FILE: system/engine/loader.php
REGEX: ~(require|include)(_once)?\(([^)]+)~
LINE: 49
LINE: 108
LINE: 120
LINE: 165

FILE: system/library/config.php
REGEX: ~(require|include)(_once)?\(([^)]+)~
LINE: 23

FILE: system/library/language.php
REGEX: ~(require|include)(_once)?\(([^)]+)~
LINE: 38
LINE: 40
LINE: 49
LINE: 51
LINE: 60
LINE: 62

FILE: system/library/template/php.php
REGEX: ~(require|include)(_once)?\(([^)]+)~
LINE: 18

FILE: system/library/template/tiwg.php
REGEX: ~(require|include)(_once)?\(([^)]+)~
LINE: 24
----------------------------------------------------------------
MOD: Admin Quick Edit PRO

FILE: admin/controller/design/layout.php
CODE: foreach ($extensions as $code)
LINE: 369
CODE: $this->language->get('heading_title')
LINE: 7
LINE: 17
LINE: 49
LINE: 81
LINE: 153
LINE: 181
LINE: 259
LINE: 318
LINE: 385
LINE: 411

FILE: admin/controller/extension/extension/module.php
CODE: function index
LINE: 5

FILE: admin/controller/extension/module/admin_quick_edit.php
CODE: <?php
LINE: 1

FILE: admin/controller/marketing/coupon.php
CODE: public function index() {
LINE: 9
CODE: public function delete() {
LINE: 88
CODE: ControllerMarketingCoupon extends Controller
LINE: 26
CODE: $url .= '&sort=' . $this->request->get['sort'];
LINE: 68
LINE: 109
LINE: 157
LINE: 205
LINE: 326
LINE: 449

FILE: admin/controller/marketing/affiliate.php
CODE: public function index() {
LINE: 9
CODE: public function delete() {
LINE: 128
CODE: public function autocomplete() {
LINE: 1228
CODE: ControllerMarketingAffiliate extends Controller
LINE: 26
CODE: $url .= '&sort=' . $this->request->get['sort'];
LINE: 88
LINE: 149
LINE: 217
LINE: 278
LINE: 339
LINE: 437
LINE: 632
LINE: 856

FILE: admin/controller/marketing/marketing.php
CODE: public function index() {
LINE: 9
CODE: public function delete() {
LINE: 112
CODE: ControllerMarketingMarketing extends Controller
LINE: 10
CODE: $url .= '&sort=' . $this->request->get['sort'];
LINE: 64
LINE: 117
LINE: 177
LINE: 255
LINE: 268
LINE: 418
LINE: 507

FILE: admin/controller/sale/voucher_theme.php
CODE: public function index() {
LINE: 9
CODE: public function delete() {
LINE: 88
CODE: ControllerSaleVoucherTheme extends Controller
LINE: 18
CODE: $url .= '&sort=' . $this->request->get['sort'];
LINE: 60
LINE: 101
LINE: 149
LINE: 197
LINE: 303
LINE: 371

FILE: admin/controller/sale/voucher.php
CODE: public function index() {
LINE: 9
CODE: public function delete() {
LINE: 88
CODE: public function send() {
LINE: 607
CODE: ControllerSaleVoucher extends Controller
LINE: 10
CODE: $url .= '&sort=' . $this->request->get['sort'];
LINE: 52
LINE: 93
LINE: 141
LINE: 189
LINE: 324
LINE: 437

FILE: admin/controller/sale/return.php
CODE: public function index() {
LINE: 9
CODE: public function delete() {
LINE: 152
CODE: ControllerSaleReturn extends Controller
LINE: 34
CODE: $url .= '&sort=' . $this->request->get['sort'];
LINE: 108
LINE: 181
LINE: 261
LINE: 389
LINE: 604
LINE: 782

FILE: admin/controller/sale/order.php
CODE: function getList() {
LINE: 127
CODE: ControllerSaleOrder extends Controller
LINE: 190

FILE: admin/view/template/sale/order_list.tpl
CODE: <div class="panel panel-default">
LINE: 37
CODE: <button type="submit" id="button-shipping"
LINE: 8
REGEX: ~<td class="text-left"><\?php echo \$order\['(.*)status'\]; \?></td>~
LINE: 154
CODE: <?php echo $footer; ?>
LINE: 296

FILE: admin/controller/customer/customer.php
CODE: public function index() {
LINE: 9
CODE: public function delete() {
LINE: 144
CODE: ControllerCustomerCustomer extends Controller
LINE: 26
CODE: $url .= '&sort=' . $this->request->get['sort'];
LINE: 96
LINE: 165
LINE: 241
LINE: 318
LINE: 387
LINE: 505
LINE: 725
LINE: 928

FILE: admin/controller/catalog/information.php
CODE: public function index() {
LINE: 9
CODE: public function delete() {
LINE: 88
CODE: ControllerCatalogInformation extends Controller
LINE: 26
CODE: $url .= '&sort=' . $this->request->get['sort'];
LINE: 68
LINE: 109
LINE: 157
LINE: 205
LINE: 314
LINE: 413

FILE: admin/controller/catalog/review.php
CODE: public function index() {
LINE: 9
CODE: public function delete() {
LINE: 120
CODE: ControllerCatalogReview extends Controller
LINE: 26
CODE: $url .= '&sort=' . $this->request->get['sort'];
LINE: 84
LINE: 141
LINE: 205
LINE: 293
LINE: 458
LINE: 567

FILE: admin/controller/catalog/download.php
CODE: public function index() {
LINE: 9
CODE: public function delete() {
LINE: 88
CODE: public function autocomplete() {
LINE: 523
CODE: ControllerCatalogDownload extends Controller
LINE: 18
CODE: $url .= '&sort=' . $this->request->get['sort'];
LINE: 60
LINE: 101
LINE: 149
LINE: 197
LINE: 306
LINE: 386

FILE: admin/controller/catalog/manufacturer.php
CODE: public function index() {
LINE: 9
CODE: public function delete() {
LINE: 88
CODE: public function autocomplete() {
LINE: 463
CODE: ControllerCatalogManufacturer extends Controller
LINE: 18
CODE: $url .= '&sort=' . $this->request->get['sort'];
LINE: 60
LINE: 101
LINE: 149
LINE: 197
LINE: 306
LINE: 385

FILE: admin/controller/catalog/option.php
CODE: public function index() {
LINE: 9
CODE: public function delete() {
LINE: 88
CODE: ControllerCatalogOption extends Controller
LINE: 34
CODE: $url .= '&sort=' . $this->request->get['sort'];
LINE: 76
LINE: 117
LINE: 165
LINE: 213
LINE: 322
LINE: 406

FILE: admin/controller/catalog/attribute_group.php
CODE: public function index() {
LINE: 9
CODE: public function delete() {
LINE: 88
CODE: ControllerCatalogAttributeGroup extends Controller
LINE: 26
CODE: $url .= '&sort=' . $this->request->get['sort'];
LINE: 68
LINE: 109
LINE: 157
LINE: 205
LINE: 314
LINE: 376

FILE: admin/controller/catalog/attribute.php
CODE: public function index() {
LINE: 9
CODE: public function delete() {
LINE: 88
CODE: public function autocomplete() {
LINE: 422
CODE: ControllerCatalogAttribute extends Controller
LINE: 18
CODE: $url .= '&sort=' . $this->request->get['sort'];
LINE: 60
LINE: 101
LINE: 149
LINE: 197
LINE: 309
LINE: 378

FILE: admin/controller/catalog/filter.php
CODE: public function index() {
LINE: 9
CODE: public function delete() {
LINE: 88
CODE: ControllerCatalogFilter extends Controller
LINE: 34
CODE: $url .= '&sort=' . $this->request->get['sort'];
LINE: 76
LINE: 117
LINE: 165
LINE: 213
LINE: 322
LINE: 393

FILE: admin/controller/catalog/recurring.php
CODE: public function index() {
LINE: 9
CODE: public function delete() {
LINE: 88
CODE: public function copy() {
LINE: 127
CODE: ControllerCatalogRecurring extends Controller
LINE: 18
CODE: $url .= '&sort=' . $this->request->get['sort'];
LINE: 60
LINE: 101
LINE: 149
LINE: 197
LINE: 245
LINE: 356
LINE: 433

FILE: admin/controller/catalog/category.php
CODE: public function index() {
LINE: 9
CODE: public function delete() {
LINE: 88
CODE: public function autocomplete() {
LINE: 624
CODE: ControllerCatalogCategory extends Controller
LINE: 42
CODE: $url .= '&sort=' . $this->request->get['sort'];
LINE: 84
LINE: 125
LINE: 173
LINE: 214
LINE: 262
LINE: 374
LINE: 480

FILE: admin/controller/catalog/product.php
CODE: public function index() {
LINE: 9
CODE: public function delete() {
LINE: 128
CODE: public function copy() {
LINE: 187
CODE: public function autocomplete() {
LINE: 1399
CODE: ControllerCatalogProduct extends Controller
LINE: 42
CODE: $url .= '&filter_name=' . urlencode(html_entity_decode($this->request->get['filter_name'], ENT_QUOTES, 'UTF-8'));
LINE: 87
LINE: 151
LINE: 222
LINE: 293
LINE: 400
LINE: 570
LINE: 625
LINE: 842
REGEX: ~\$url \.= '&(.*?)=' \. \$this->request->get\['(.*?)'\];~
LINE: 96
LINE: 100
LINE: 104
LINE: 108
LINE: 112
LINE: 116
LINE: 160
LINE: 164
LINE: 168
LINE: 172
LINE: 176
LINE: 180
LINE: 231
LINE: 235
LINE: 239
LINE: 243
LINE: 247
LINE: 251
LINE: 302
LINE: 306
LINE: 310
LINE: 314
LINE: 318
LINE: 322
LINE: 409
LINE: 413
LINE: 417
LINE: 421
LINE: 425
LINE: 429
LINE: 433
LINE: 579
LINE: 583
LINE: 587
LINE: 591
LINE: 601
LINE: 634
LINE: 638
LINE: 642
LINE: 646
LINE: 650
LINE: 654
LINE: 851
LINE: 855
LINE: 859
LINE: 863
LINE: 867
LINE: 871

FILE: admin/view/template/catalog/product_list.tpl
REGEX: ~if \((.*?) != '\*'\) \{~
LINE: 206
LINE: 212
REGEX: ~url = 'index\.php\?route=(.*?)&token=<\?php echo \$token; \?>';~
LINE: 178

FILE: admin/view/template/catalog/attribute_group_list.tpl
CODE: <input type="checkbox" onclick="$('input[name*=\'selected\']').prop('checked', this.checked);" />
LINE: 36

FILE: admin/view/template/catalog/attribute_list.tpl
CODE: <input type="checkbox" onclick="$('input[name*=\'selected\']').prop('checked', this.checked);" />
LINE: 36

FILE: admin/view/template/catalog/category_list.tpl
CODE: <input type="checkbox" onclick="$('input[name*=\'selected\']').prop('checked', this.checked);" />
LINE: 36

FILE: admin/view/template/catalog/download_list.tpl
CODE: <input type="checkbox" onclick="$('input[name*=\'selected\']').prop('checked', this.checked);" />
LINE: 36

FILE: admin/view/template/catalog/filter_list.tpl
CODE: <input type="checkbox" onclick="$('input[name*=\'selected\']').prop('checked', this.checked);" />
LINE: 36

FILE: admin/view/template/catalog/information_list.tpl
CODE: <input type="checkbox" onclick="$('input[name*=\'selected\']').prop('checked', this.checked);" />
LINE: 36

FILE: admin/view/template/catalog/manufacturer_list.tpl
CODE: <input type="checkbox" onclick="$('input[name*=\'selected\']').prop('checked', this.checked);" />
LINE: 36

FILE: admin/view/template/catalog/ocfilter_list.tpl
CODE: <input type="checkbox" onclick="$('input[name*=\'selected\']').prop('checked', this.checked);" />
LINE: 89

FILE: admin/view/template/catalog/ocfilter_page_list.tpl
CODE: <input type="checkbox" onclick="$('input[name*=\'selected\']').prop('checked', this.checked);" />
LINE: 34

FILE: admin/view/template/catalog/option_list.tpl
CODE: <input type="checkbox" onclick="$('input[name*=\'selected\']').prop('checked', this.checked);" />
LINE: 36
CODE: <input type="checkbox" onclick="$('input[name*=\'selected\']').prop('checked', this.checked);" />
LINE: 96

FILE: admin/view/template/catalog/recurring_list.tpl
CODE: <input type="checkbox" onclick="$('input[name*=\'selected\']').prop('checked', this.checked);" />
LINE: 37

FILE: admin/view/template/catalog/review_list.tpl
CODE: <input type="checkbox" onclick="$('input[name*=\'selected\']').prop('checked', this.checked);" />
LINE: 77
CODE: <input type="checkbox" onclick="$('input[name*=\'selected\']').prop('checked', this.checked);" />
LINE: 107

FILE: admin/view/template/sale/recurring_list.tpl
CODE: <input type="checkbox" onclick="$('input[name*=\'selected\']').prop('checked', this.checked);" />
NOT FOUND - OPERATION SKIPPED!

FILE: admin/view/template/sale/return_list.tpl
CODE: <input type="checkbox" onclick="$('input[name*=\'selected\']').prop('checked', this.checked);" />
LINE: 98

FILE: admin/view/template/sale/voucher_list.tpl
CODE: <input type="checkbox" onclick="$('input[name*=\'selected\']').prop('checked', this.checked);" />
LINE: 38

FILE: admin/view/template/sale/voucher_theme_list.tpl
CODE: <input type="checkbox" onclick="$('input[name*=\'selected\']').prop('checked', this.checked);" />
LINE: 36

FILE: admin/view/template/customer/custom_field_list.tpl
CODE: <input type="checkbox" onclick="$('input[name*=\'selected\']').prop('checked', this.checked);" />
LINE: 36

FILE: admin/view/template/customer/customer_group_list.tpl
CODE: <input type="checkbox" onclick="$('input[name*=\'selected\']').prop('checked', this.checked);" />
LINE: 36

FILE: admin/view/template/customer/customer_list.tpl
CODE: <input type="checkbox" onclick="$('input[name*=\'selected\']').prop('checked', this.checked);" />
LINE: 114

FILE: admin/controller/common/filemanager.php
CODE: public function index
LINE: 20

FILE: system/library/db/mysql.php
CODE: SET SQL_MODE = ''
LINE: 25

FILE: system/library/db/mysqli.php
CODE: SET SQL_MODE = ''
LINE: 20
----------------------------------------------------------------
MOD: MEGAMENU PRO

FILE: catalog/view/theme/default/template/common/header.tpl
CODE: <?php if ($categories) { ?>
LINE: 271

FILE: catalog/view/theme/default/template/common/home.tpl
CODE: <div id="content" class="<?php echo $class; ?>"><?php echo $content_top; ?><?php echo $content_bottom; ?></div>
LINE: 11
CODE: <div id="content" class="<?php echo $class; ?>"><?php echo $content_top; ?><?php echo $content_bottom; ?></div>
LINE: 12
CODE: <?php echo $content_top; ?>
LINE: 11
CODE: <?php echo $column_left; ?>
LINE: 2

FILE: catalog/controller/common/home.php
CODE: $data['column_left'] = $this->load->controller('common/column_left');
LINE: 15

FILE: catalog/controller/common/header.php
CODE: $data['language'] = $this->load->controller('common/language');
LINE: 135
----------------------------------------------------------------
MOD: Tweak for OpenCart 2x Russkaya sborka

FILE: admin/view/template/common/header.tpl
CODE: <?php foreach ($links as $link) { ?>
LINE: 34
CODE: <li><a href="http://www.opencart.com" target="_blank"><?php echo $text_homepage; ?></a></li>
LINE: 82
CODE: <li><a href="http://docs.opencart.com" target="_blank"><?php echo $text_documentation; ?></a></li>
LINE: 85
CODE: <li><a href="http://forum.opencart.com" target="_blank"><?php echo $text_support; ?></a></li>
LINE: 88

FILE: admin/view/template/catalog/product_form.tpl
CODE: <label class="col-sm-2 control-label" for="input-sku"><span data-toggle="tooltip" title="<?php echo $help_sku; ?>"><?php echo $entry_sku; ?></span></label>
LINE: 109
CODE: <label class="col-sm-2 control-label" for="input-sku">
LINE: 115
CODE: <label class="col-sm-2 control-label" for="input-location"><?php echo $entry_location; ?></label>
LINE: 155
CODE: <input type="text" name="model" value="<?php echo $model; ?>" placeholder="<?php echo $entry_model; ?>" id="input-model" class="form-control" />
LINE: 101

FILE: admin/view/template/tool/backup.tpl
CODE: <input type="file" name="import" id="input-import" />
LINE: 36
CODE: $this->load->language('common/filemanager');
LINE: 31
CODE: // Parent
LINE: 166
CODE: $pagination = new Pagination();
LINE: 227
CODE: $directory = rtrim(DIR_IMAGE . 'catalog/' . str_replace('*', '', $this->request->get['directory']), '/');
LINE: 51
CODE: public function index() {
LINE: 28
CODE: $filename = basename(html_entity_decode($file['name'], ENT_QUOTES, 'UTF-8'));
LINE: 290
CODE: $folder = basename(html_entity_decode($this->request->post['folder'], ENT_QUOTES, 'UTF-8'));
LINE: 370
CODE: $filter_name = rtrim(str_replace('*', '', $this->request->get['filter_name']), '/');
LINE: 49
CODE: if (substr(str_replace('\\', '/', realpath($directory . '/' . $filter_name)), 0, strlen(DIR_IMAGE . 'catalog')) == DIR_IMAGE . 'catalog') {
LINE: 79

FILE: admin/view/template/common/filemanager.tpl
CODE: <?php foreach (array_chunk($images, 4) as $image) { ?>
LINE: 34

FILE: catalog/controller/tool/upload.php
CODE: public function index() {
LINE: 10
CODE: $filename = basename(preg_replace('/[^a-zA-Z0-9\.\-\s+]/', '', html_entity_decode($this->request->files['file']['name'], ENT_QUOTES, 'UTF-8')));
LINE: 17
CODE: <script type="text/javascript" src="view/javascript/summernote/summernote.js"></script>
LINE: 939

FILE: admin/view/template/catalog/information_form.tpl
CODE: <script type="text/javascript" src="view/javascript/summernote/summernote.js"></script>
LINE: 209

FILE: admin/view/template/catalog/category_form.tpl
CODE: <script type="text/javascript" src="view/javascript/summernote/summernote.js"></script>
LINE: 241

FILE: admin/view/template/extension/module/html.tpl
CODE: <script type="text/javascript" src="view/javascript/summernote/summernote.js"></script>
LINE: 80

FILE: admin/view/template/marketing/contact.tpl
CODE: <script type="text/javascript" src="view/javascript/summernote/summernote.js"></script>
LINE: 95

FILE: admin/view/template/extension/extension.tpl
CODE: <?php echo $header; ?><?php echo $column_left; ?>
LINE: 1

FILE: admin/controller/common/column_left.php
CODE: $data['lastname'] = $user_info['lastname'];
LINE: 17
CODE: $data['lastname'] = '';
LINE: 31

FILE: system/library/pagination.php
CODE: $output .= '<li><a href="' . str_replace(array('&amp;page={page}', '&page={page}'), '', $this->url) . '">' . $this->text_first . '</a></li>';
LINE: 35
CODE: $output .= '<li><a href="' . str_replace(array('&amp;page={page}', '&page={page}'), '', $this->url) . '">' . $this->text_prev . '</a></li>';
LINE: 40
CODE: $output .= '<li><a href="' . str_replace(array('&amp;page={page}', '&page={page}'), '', $this->url) . '">' . $i . '</a></li>';
LINE: 72

FILE: catalog/controller/startup/startup.php
CODE: $this->registry->set('openbay', new Openbay($this->registry));
LINE: 196

FILE: catalog/controller/information/contact.php
CODE: $mail->setFrom($this->request->post['email']);
LINE: 20
----------------------------------------------------------------
MOD: <font color="#0000"><b>OCEXT Smart Relevant Search</font>
CODE: public function index() {
LINE: 10

FILE: catalog/model/catalog/product.php
CODE: if (!empty($data['filter_name']) || !empty($data['filter_tag'])) {
LINE: 120
LINE: 498
CODE: public function getProductSpecials($data = array()) {
LINE: 241
CODE: $product_data[$result['product_id']] = $this->getProduct($result['product_id']);
LINE: 245
LINE: 329
LINE: 364
LINE: 402
LINE: 442
----------------------------------------------------------------
MOD: Cache Cleaner

FILE: admin/controller/common/header.php
CODE: $data['logged'] = true;
LINE: 74
CODE: <ul class="nav pull-right">
LINE: 108
CODE: <ul class="nav pull-right">
LINE: 126
----------------------------------------------------------------
MOD: CodeManager by iSenseLabs
CODE: if ($this->user->hasPermission('access', 'tool/log')) {
LINE: 643
----------------------------------------------------------------
MOD: Cookie consent in OpenCart - bottom

FILE: catalog/view/theme/default/template/common/footer.tpl
CODE: </body>
LINE: 199
----------------------------------------------------------------
MOD: CTRL + Enter
CODE: </head>
LINE: 89
CODE: </body>
LINE: 238
CODE: <p><?php echo $powered; ?></p>
NOT FOUND - OPERATIONS ABORTED!

FILE: catalog/controller/common/footer.php
CODE: $this->load->model('catalog/information');
LINE: 35
----------------------------------------------------------------
MOD: Exchange1C Module for OpenCart 2.3
CODE: if ($this->user->hasPermission('access', 'extension/event')) {
LINE: 204

FILE: admin/model/sale/order.php
CODE: 'lastname'                => $order_query->row['lastname'],
LINE: 105
CODE: $data['lastname'] = $order_info['lastname'];
LINE: 767
LINE: 1151

FILE: admin/view/template/sale/order_info.tpl
CODE: <?php echo $firstname; ?> <?php echo $lastname; ?>
LINE: 53
LINE: 55
----------------------------------------------------------------
MOD: Fix Installer FTP Error
----------------------------------------------------------------
MOD: iScroller

FILE: catalog/controller/product/category.php
CODE: $product_total =
LINE: 203

FILE: catalog/controller/product/manufacturer.php
CODE: $product_total =
LINE: 180

FILE: catalog/controller/product/search.php
CODE: $product_total =
LINE: 220

FILE: catalog/controller/product/special.php
CODE: $product_total =
LINE: 102
----------------------------------------------------------------
MOD: Local copy OCMOD by iSenseLabs

FILE: admin/controller/extension/installer.php
CODE: 'url'  => str_replace('&amp;', '&', $this->url->link('extension/installer/ftp', 'token=' . $this->session->data['token'],
LINE: 131
CODE: public function unzip() {
LINE: 278
----------------------------------------------------------------
MOD: OCFilter Modification
CODE: function getForm() {
LINE: 689
CODE: $this->language->get('tab_general');
LINE: 797
CODE: if ($this->user->hasPermission('access', 'catalog/filter')) {
LINE: 104

FILE: admin/language/en-gb/catalog/product.php
CODE: $_['text_success']
LINE: 12

FILE: admin/language/ru-ru/catalog/product.php
CODE: $_['text_success']
LINE: 12

FILE: admin/language/en-gb/common/column_left.php
CODE: $_['text_option']
LINE: 43

FILE: admin/language/ru-ru/common/column_left.php
CODE: $_['text_option']
LINE: 43

FILE: admin/model/catalog/product.php
CODE: if (isset($data['product_recurring'])) {
LINE: 130
CODE: if (isset($data['product_recurring'])) {
LINE: 299
CODE: $data['product_attribute'] = $this->getProductAttributes($product_id);
LINE: 327
CODE: $this->db->query("DELETE FROM " . DB_PREFIX . "product WHERE product_id = '" . (int)$product_id . "'");
LINE: 352
CODE: <?php echo $footer; ?>
LINE: 1450

FILE: catalog/controller/startup/maintenance.php
CODE: index() {
LINE: 7

FILE: catalog/controller/startup/seo_url.php
CODE: $this->url->addRewrite($this);
LINE: 12
CODE: $sql .= " LEFT JOIN " . DB_PREFIX . "product_description
LINE: 92
LINE: 607
CODE: if (!empty($data['filter_manufacturer_id
LINE: 194
LINE: 716
CODE: $data['breadcrumbs'] = array();
LINE: 50
CODE: $product_total =
LINE: 217
CODE: if (isset($this->request->get['filter'])) {
LINE: 288
CODE: if (isset($this->request->get['filter'])) {
LINE: 363
CODE: if (isset($this->request->get['filter'])) {
LINE: 398
CODE: $data['limit'] = $limit;
LINE: 536

FILE: system/library/document.php
CODE: public function getLinks
LINE: 51
CODE: private $keywords;
LINE: 9
CODE: public function setTitle($title) {
LINE: 25
CODE: $data['scripts'] = $this->document->getScripts();
LINE: 46
CODE: </title>
LINE: 18
----------------------------------------------------------------
MOD: OCMOD Editor for OpenCart 2.2 and 2.3

FILE: admin/controller/extension/modification.php
CODE: $data['refresh'] = $this->url->link('extension/modification/refresh', 'token=' . $this->session->data['token'] . $url, true);
LINE: 660
CODE: $data['modifications'][] = array(
LINE: 682
CODE: $data['tab_log'] = $this->language->get('tab_log');
LINE: 727
CODE: $this->response->redirect($this->url->link('extension/modification', 'token=' . $this->session->data['token'] . $url, true));
LINE: 510

FILE: admin/view/template/extension/modification.tpl
CODE: <div class="pull-right">
LINE: 5
CODE: <?php if (!$modification['enabled']) { ?>
LINE: 98
----------------------------------------------------------------
MOD: Opencart - Быстрый заказ for OpenCart 2.0.x, 2.1.x
CODE: $data['telephone'] = $this->config->get('config_telephone');
LINE: 114
CODE: </head>
LINE: 123
CODE: $this->load->language('common/footer');
LINE: 52
CODE: </body></html>
LINE: 364

FILE: catalog/controller/product/product.php
CODE: $data['header'] = $this->load->controller('common/header');
LINE: 486
LINE: 573

FILE: catalog/view/theme/default/template/product/product.tpl
CODE: <button type="button" id="button-cart" data-loading-text="<?php echo $text_loading; ?>" class="btn btn-primary btn-lg btn-block"><?php echo $button_cart; ?></button>
LINE: 308
REGEX: /<div class="button-group">(.*?)<\/div>/is
LINE: 379
CODE: $data['header'] = $this->load->controller('common/header');
LINE: 556
LINE: 619
CODE: $data['header'] = $this->load->controller('common/header');
LINE: 69
LINE: 387
LINE: 441
CODE: $data['header'] = $this->load->controller('common/header');
LINE: 512
CODE: $data['header'] = $this->load->controller('common/header');
LINE: 298

FILE: catalog/view/theme/default/template/product/category.tpl
REGEX: /<div class="button-group">(.*?)<\/div>/is
LINE: 186

FILE: catalog/view/theme/default/template/product/manufacturer_info.tpl
REGEX: /<div class="button-group">(.*?)<\/div>/is
LINE: 93

FILE: catalog/view/theme/default/template/product/search.tpl
REGEX: /<div class="button-group">(.*?)<\/div>/is
LINE: 177

FILE: catalog/view/theme/default/template/product/special.tpl
REGEX: /<div class="button-group">(.*?)<\/div>/is
LINE: 94

FILE: catalog/controller/extension/module/bestseller.php
CODE: $data['products'] = array();
LINE: 28

FILE: catalog/controller/extension/module/featured.php
CODE: $data['products'] = array();
LINE: 28

FILE: catalog/controller/extension/module/latest.php
CODE: $data['products'] = array();
LINE: 28

FILE: catalog/controller/extension/module/special.php
CODE: $data['products'] = array();
LINE: 28

FILE: catalog/view/theme/default/template/extension/module/bestseller.tpl
REGEX: /<div class="button-group">(.*?)<\/div>/is
LINE: 51

FILE: catalog/view/theme/default/template/extension/module/featured.tpl
REGEX: /<div class="button-group">(.*?)<\/div>/is
LINE: 65

FILE: catalog/view/theme/default/template/extension/module/latest.tpl
REGEX: /<div class="button-group">(.*?)<\/div>/is
LINE: 50

FILE: catalog/view/theme/default/template/extension/module/special.tpl
REGEX: /<div class="button-group">(.*?)<\/div>/is
LINE: 50
----------------------------------------------------------------
MOD: Price View in Product List
CODE: $data['button_grid'] = $this->language->get('button_grid');
LINE: 127
CODE: public function index() {
LINE: 6
CODE: $data['button_grid'] = $this->language->get('button_grid');
LINE: 85
CODE: public function index() {
LINE: 6
CODE: $data['button_grid'] = $this->language->get('button_grid');
LINE: 174
CODE: public function index() {
LINE: 6
CODE: $data['button_grid'] = $this->language->get('button_grid');
LINE: 160
CODE: public function index() {
LINE: 9
CODE: <button type="button" id="list-view" class="btn btn-default" data-toggle="tooltip" title="<?php echo $button_list; ?>"><i class="fas fa-th-list"></i></button>
NOT FOUND - OPERATIONS ABORTED!
CODE: <button type="button" id="list-view" class="btn btn-default" data-toggle="tooltip" title="<?php echo $button_list; ?>"><i class="fas fa-th-list"></i></button>
NOT FOUND - OPERATIONS ABORTED!
CODE: <button type="button" id="list-view" class="btn btn-default" data-toggle="tooltip" title="<?php echo $button_list; ?>"><i class="fas fa-th-list"></i></button>
NOT FOUND - OPERATIONS ABORTED!
CODE: <button type="button" id="list-view" class="btn btn-default" data-toggle="tooltip" title="<?php echo $button_list; ?>"><i class="fas fa-th-list"></i></button>
LINE: 73
CODE: <button type="button" id="grid-view" class="btn btn-default" data-toggle="tooltip" title="<?php echo $button_grid; ?>"><i class="fas fa-th"></i></button>
LINE: 76
----------------------------------------------------------------
MOD: Product PlusMinus
CODE: <input type="text" name="quantity" value="<?php echo $minimum; ?>" size="2" id="input-quantity" class="form-control" />
LINE: 299
CODE: <?php echo $footer; ?>
LINE: 633
----------------------------------------------------------------
MOD: Replace RUB symbol with character powered by Google "PT Sans"

FILE: system/library/cart/currency.php
CODE: $query = $this->db->query("SELECT * FROM " . DB_PREFIX . "currency");
LINE: 9

FILE: catalog/model/localisation/currency.php
CODE: $query = $this->db->query("SELECT * FROM " . DB_PREFIX . "currency ORDER BY title ASC");
LINE: 14
CODE: public function index() {
LINE: 6

FILE: catalog/view/theme/default/template/account/voucher.tpl
CODE: <?php echo $help_amount; ?>
LINE: 88
CODE: alt="<?php echo $option_value['name'] . ($option_value['price'] ? ' ' . $option_value['price_prefix'] . $option_value['price'] : ''); ?>"
LINE: 200
LINE: 221
----------------------------------------------------------------
MOD: Stickers
CODE: </head>
LINE: 166
CODE: <ul class="thumbnails">
LINE: 31
CODE: $data['model'] = $product_info['model'];
LINE: 273
CODE: <div class="product-thumb transition">
LINE: 371
CODE: $data['products'][] = array(
LINE: 449
CODE: <div class="product-thumb">
LINE: 106
CODE: $data['products'][] = array(
LINE: 266
CODE: <div class="product-thumb">
LINE: 126
CODE: $data['products'][] = array(
LINE: 267
CODE: <div class="product-thumb">
LINE: 69
CODE: $data['products'][] = array(
LINE: 149
CODE: <div class="product-thumb">
LINE: 69
CODE: $data['products'][] = array(
LINE: 238
CODE: <div class="product-thumb transition">
LINE: 11
CODE: $data['products'][] = array(
LINE: 76
CODE: <div class="product-thumb transition">
LINE: 11
CODE: $data['products'][] = array(
LINE: 79
CODE: <div class="product-thumb transition">
LINE: 11
CODE: $data['products'][] = array(
LINE: 69
CODE: <div class="product-thumb transition">
LINE: 11
CODE: $data['products'][] = array(
LINE: 76
CODE: placeholder="<?php echo $entry_jan; ?>"
LINE: 138
CODE: placeholder="<?php echo $entry_isbn; ?>"
LINE: 146
CODE: placeholder="<?php echo $entry_mpn; ?>"
LINE: 154
CODE: 'JAN'
LINE: 44
CODE: 'ISBN'
LINE: 47
CODE: 'MPN'
LINE: 50
----------------------------------------------------------------
MOD: Xtensions-Best Checkout and Customer FrameWork

FILE: admin/controller/customer/custom_field.php
CODE: 'sort_order'      => $result['sort_order'],
LINE: 218
CODE: $data['button_edit'] = $this->language->get('button_edit');
LINE: 242

FILE: admin/language/en-gb/customer/custom_field.php
CODE: <?php
LINE: 4

FILE: admin/language/ru-ru/customer/custom_field.php
CODE: <?php
LINE: 4
CODE: <td class="text-right"><a href="<?php echo $custom_field['edit']; ?>" data-toggle="tooltip" title="<?php echo $button_edit; ?>" class="btn btn-primary"><i class="fa fa-pencil"></i></a></td>
LINE: 73
CODE: <div class="pull-right"><a href="<?php echo $add; ?>" data-toggle="tooltip" title="<?php echo $button_add; ?>" class="btn btn-primary"><i class="fa fa-plus"></i></a>
LINE: 4

FILE: admin/view/template/sale/order_invoice.tpl
CODE: <?php echo $order['payment_address']; ?>
LINE: 64

FILE: admin/view/template/sale/order_shipping.tpl
CODE: <?php echo $order['telephone']; ?>
LINE: 62
CODE: $data['products'] = array();
LINE: 1257
CODE: $product_data = array();
LINE: 1978
LINE: 2204
CODE: 'order_id'	       => $order_id,
LINE: 2044
LINE: 2275

FILE: admin/controller/startup/startup.php
CODE: $this->registry->set('cart', new Cart\Cart($this->registry));
LINE: 59
CODE: $this->registry->set('cart', new Cart\Cart($this->registry));
LINE: 188

FILE: catalog/model/account/customer.php
CODE: $address_id = $this->db->getLastId();
LINE: 25

FILE: catalog/controller/account/address.php
CODE: public function add() {
LINE: 26
CODE: public function edit() {
LINE: 72
CODE: $data['add'] = $this->url->link('account/address/add', '', true);
LINE: 268

FILE: catalog/controller/checkout/checkout.php
CODE: $this->response->setOutput($this->load->view('checkout/checkout', $data));
LINE: 95
CODE: $this->document->addScript('catalog/view/javascript/jquery/datetimepicker/moment.js');
LINE: 29
CODE: $this->document->addScript('catalog/view/javascript/jquery/datetimepicker/bootstrap-datetimepicker.min.js');
LINE: 36
CODE: $this->document->addStyle('catalog/view/javascript/jquery/datetimepicker/bootstrap-datetimepicker.min.css');
LINE: 43

FILE: catalog/controller/checkout/confirm.php
CODE: $this->response->setOutput($this->load->view('checkout/confirm', $data));
LINE: 427
CODE: $this->session->data['order_id'] = $this->model_checkout_order->addOrder($order_data);
LINE: 327

FILE: catalog/model/checkout/order.php
CODE: 'order_id'                => $order_query->row['order_id'],
LINE: 173
CODE: $data['ip'] = $order_info['ip'];
LINE: 455
CODE: $data['products'] = array();
LINE: 544

FILE: catalog/view/theme/default/template/mail/order.tpl
CODE: <b><?php echo $text_ip; ?></b> <?php echo $ip; ?><br />
LINE: 40

FILE: catalog/controller/account/order.php
CODE: $data['shipping_method'] = $order_info['shipping_method'];
LINE: 283

FILE: catalog/controller/account/edit.php
CODE: public function index() {
LINE: 10

FILE: catalog/controller/account/register.php
CODE: public function index() {
LINE: 10
----------------------------------------------------------------
MOD: Иконки в личном кабинете

FILE: catalog/view/theme/default/template/account/account.tpl
CODE: <li><a href="<?php echo $edit; ?>"><?php echo $text_edit; ?></a></li>
LINE: 21
CODE: <li><a href="<?php echo $password; ?>"><?php echo $text_password; ?></a></li>
LINE: 26
CODE: <li><a href="<?php echo $address; ?>"><?php echo $text_address; ?></a></li>
LINE: 30
CODE: <li><a href="<?php echo $wishlist; ?>"><?php echo $text_wishlist; ?></a></li>
LINE: 34
CODE: <li><a href="<?php echo $order; ?>"><?php echo $text_order; ?></a></li>
LINE: 53
CODE: <li><a href="<?php echo $download; ?>"><?php echo $text_download; ?></a></li>
LINE: 57
CODE: <li><a href="<?php echo $reward; ?>"><?php echo $text_reward; ?></a></li>
LINE: 62
CODE: <li><a href="<?php echo $return; ?>"><?php echo $text_return; ?></a></li>
LINE: 67
CODE: <li><a href="<?php echo $transaction; ?>"><?php echo $text_transaction; ?></a></li>
LINE: 71
CODE: <li><a href="<?php echo $recurring; ?>"><?php echo $text_recurring; ?></a></li>
LINE: 75
CODE: <li><a href="<?php echo $newsletter; ?>"><?php echo $text_newsletter; ?></a></li>
LINE: 82

FILE: catalog/view/theme/default/template/affiliate/account.tpl
CODE: <li><a href="<?php echo $edit; ?>"><?php echo $text_edit; ?></a></li>
LINE: 21
CODE: <li><a href="<?php echo $password; ?>"><?php echo $text_password; ?></a></li>
LINE: 26
CODE: <li><a href="<?php echo $payment; ?>"><?php echo $text_payment; ?></a></li>
LINE: 30
CODE: <li><a href="<?php echo $tracking; ?>"><?php echo $text_tracking; ?></a></li>
LINE: 37
CODE: <li><a href="<?php echo $transaction; ?>"><?php echo $text_transaction; ?></a></li>
LINE: 44
----------------------------------------------------------------
MOD: Количество просмотров в товаре
CODE: $data['images'] = array();
LINE: 303
CODE: $data['text_select']
LINE: 231

FILE: catalog/language/en-gb/product/product.php
CODE: $_['text_search']
LINE: 5

FILE: catalog/language/ru-ru/product/product.php
CODE: $_['text_search']
LINE: 5
CODE: <?php if ($review_status) { ?>
LINE: 332
----------------------------------------------------------------
MOD: Корзина Popup
CODE: public function index() {
LINE: 7
CODE: public function index() {
LINE: 7
CODE: </head>
LINE: 180
CODE: </body>
LINE: 490
----------------------------------------------------------------
MOD: Удаление модулей
CODE: $data['header'] = $this->load->controller('common/header');
LINE: 50
CODE: $data['token'] = $this->session->data['token'];
LINE: 42
CODE: move_uploaded_file($this->request->files['file']['tmp_name'], $file);
LINE: 119
LINE: 157
CODE: $zip_name = zip_entry_name($entry);
LINE: 222
CODE: $json['success'] = $this->language->get('text_success');
LINE: 732
CODE: $json['error'] = sprintf($this->language->get('error_exists'), $modification_info['name']);
LINE: 609
CODE: public function unzip() {
LINE: 493
CODE: 'url'  => str_replace('&amp;', '&', $this->url->link('extension/installer/ftp', 'token=' . $this->session->data['token'], 'SSL')),
NOT FOUND - OPERATION SKIPPED!
CODE: 'url'  => str_replace('&amp;', '&', $this->url->link('extension/installer/ftp', 'token=' . $this->session->data['token'], true)),
NOT FOUND - OPERATION SKIPPED!
CODE: 'url'  => str_replace('&amp;', '&', $this->url->link('extension/installer/localcopy', 'token=' . $this->session->data['token'], 'SSL')),
NOT FOUND - OPERATION SKIPPED!
CODE: 'url'  => str_replace('&amp;', '&', $this->url->link('extension/installer/localcopy', 'token=' . $this->session->data['token'], true)),
LINE: 173
CODE: $this->response->redirect
LINE: 52
LINE: 453
LINE: 530
LINE: 569
LINE: 606
LINE: 641

FILE: admin/language/en-gb/extension/installer.php
CODE: <?php
LINE: 8

FILE: admin/language/ru-ru/extension/installer.php
CODE: <?php
LINE: 8
CODE: <?php
LINE: 4
CODE: <?php
LINE: 4
CODE: if ($this->user->hasPermission('access', 'extension/extension')) {
LINE: 219
----------------------------------------------------------------
MOD: Упрощенный фотоменеджер
CODE: foreach ($data['product_image'] as $product_image) {
LINE: 91
LINE: 265
CODE: <li><a href="#tab-data" data-toggle="tab"><?php echo $tab_data; ?></a></li>
LINE: 34
CODE: <div class="tab-pane" id="tab-data">
LINE: 351
CODE: $results = $this->model_catalog_product->getProductImages($this->request->get['product_id']);
LINE: 319
----------------------------------------------------------------
